================================================================
======== Log Rotated - 10/29/2024, 12:00:00 AM                  
================================================================
[             TXADMIN] ================================================================ 
[             TXADMIN] ======== [50648] FXServer Starting - 10/29/2024, 5:04:45 PM      
[             TXADMIN] ================================================================ 
[           resources] Scanning resources.
[           resources] Found 73 resources.
[          svadhesive] Authenticating server license key...
[          svadhesive] Server license key authentication succeeded. Welcome!
[    c-scripting-core] Creating script environments for yarn
[           resources] Started resource yarn
[    c-scripting-core] Creating script environments for sessionmanager-rdr3
[           resources] Started resource sessionmanager-rdr3
[    c-scripting-core] Creating script environments for monitor
[      script:monitor] [txAdmin] Resource v7.3.2 threads and commands set up. All Ready.
[           resources] Started resource monitor
[ citizen-server-impl] Could not open icon.png for reading.
[    c-scripting-core] Creating script environments for mapmanager
[           resources] Started resource mapmanager
[    c-scripting-core] Creating script environments for chat
[           resources] Started resource chat
[           resources] Started resource spawnmanager
[   script:mapmanager] Started gametype Freeroam
[           resources] Started resource basic-gamemode
[   script:mapmanager] Started map redm-map-one
[           resources] Started resource redm-map-one
[    c-scripting-core] Creating script environments for hardcap
[           resources] Started resource hardcap
[    c-scripting-core] Creating script environments for oxmysql
[           resources] Started resource oxmysql
[    c-scripting-core] Creating script environments for weathersync
[           resources] Started resource weathersync
[           resources] Started resource interiors
[           resources] Started resource syn_minigame
[           resources] Started resource vorp_menu
[    c-scripting-core] Creating script environments for vorp_core
[           resources] Started resource vorp_core
[           resources] Started resource vorp_inputs
[    c-scripting-core] Creating script environments for vorp_progressbar
[           resources] Started resource vorp_progressbar
[    c-scripting-core] Creating script environments for vorp_inventory
[           resources] Started resource vorp_inventory
[    c-scripting-core] Creating script environments for vorp_character
[           resources] Started resource vorp_character
[    c-scripting-core] Creating script environments for vorp_utils
[           resources] Started resource vorp_utils
[    c-scripting-core] Creating script environments for vorp_admin
[           resources] Started resource vorp_admin
[    c-scripting-core] Creating script environments for vorp_metabolism
[           resources] Started resource vorp_metabolism
[    c-scripting-core] Creating script environments for vorp_barbershop
[           resources] Started resource vorp_barbershop
[    c-scripting-core] Creating script environments for vorp_postman
[ script:vorp_postman] vorp_postman: Language En.json loaded!
[ script:vorp_postman] Instantiated instance of script vorp_postman_sv.LoadConfig.
[ script:vorp_postman] Instantiated instance of script vorp_postman_sv.vorp_postman_sv_init.
[           resources] Started resource vorp_postman
[    c-scripting-core] Creating script environments for vorp_hunting
[           resources] Started resource vorp_hunting
[    c-scripting-core] Creating script environments for vorp_stables
[ script:vorp_stables] Instantiated instance of script VORP.Stables.Server.InitStables_Server.
[ script:vorp_stables] vorp_stables: Language En.json loaded!
[ script:vorp_stables] Instantiated instance of script VORP.Stables.Server.LoadConfig.
[ script:vorp_stables] Instantiated instance of script VORP.Stables.Server.StableDataManagment.
[           resources] Started resource vorp_stables
[    c-scripting-core] Creating script environments for vorp_weaponsv2
[           resources] Started resource vorp_weaponsv2
[    c-scripting-core] Creating script environments for vorp_stores
[           resources] Started resource vorp_stores
[    c-scripting-core] Creating script environments for vorp_fishing
[           resources] Started resource vorp_fishing
[    c-scripting-core] Creating script environments for vorp_housing
[ script:vorp_housing] Instantiated instance of script VORP.Housing.Shared.BasePluginManager.
[ script:vorp_housing] Instantiated instance of script VORP.Housing.Shared.Models.House.
[ script:vorp_housing] Instantiated instance of script VORP.Housing.Shared.Models.Room.
[ script:vorp_housing] Instantiated instance of script VORP.Housing.Server.HouseInventory.
[ script:vorp_housing] Instantiated instance of script VORP.Housing.Server.Init.
[ script:vorp_housing] Instantiated instance of script VORP.Housing.Server.PluginManager.
[ script:vorp_housing] Instantiated instance of script VORP.Housing.Server.Scripts.Manager.
[           resources] Started resource vorp_housing
[    c-scripting-core] Creating script environments for vorp_banking
[           resources] Started resource vorp_banking
[    c-scripting-core] Creating script environments for vorp_mailbox
[           resources] Started resource vorp_mailbox
[    c-scripting-core] Creating script environments for vorp_walkanim
[           resources] Started resource vorp_walkanim
[    c-scripting-core] Creating script environments for vorp_police
[           resources] Started resource vorp_police
[    c-scripting-core] Creating script environments for vorp_crafting
[           resources] Started resource vorp_crafting
[    c-scripting-core] Creating script environments for vorp_zonenotify
[           resources] Started resource vorp_zonenotify
[    c-scripting-core] Creating script environments for vorp_mining
[           resources] Started resource vorp_mining
[    c-scripting-core] Creating script environments for vorp_lumberjack
[           resources] Started resource vorp_lumberjack
[    c-scripting-core] Creating script environments for vorp_animations
[           resources] Started resource vorp_animations
[    c-scripting-core] Creating script environments for vorp_outlaws
[           resources] Started resource vorp_outlaws
[    c-scripting-core] Creating script environments for vorp_crawfish
[           resources] Started resource vorp_crawfish
[    c-scripting-core] Creating script environments for vorp_medic
[           resources] Started resource vorp_medic
[ citizen-server-main] Warning: The players.json endpoint has been modified to no longer return the player identifiers without authentication.
[ citizen-server-main] To learn more about this change read our announcement at https://forum.cfx.re/t/celebrating-one-year-with-rockstar-games/5269938#fivem-and-redm-6
[      script:oxmysql] [11.2.2-MariaDB] Database server connection established!
[      script:oxmysql] An update is available for oxmysql (current version: 2.10.1)
[      script:oxmysql] https://github.com/overextended/oxmysql/releases/tag/v2.12.0
[ citizen-server-impl]         fff                          
[ citizen-server-impl]   cccc ff   xx  xx     rr rr    eee  
[ citizen-server-impl] cc     ffff   xx       rrr  r ee   e 
[ citizen-server-impl] cc     ff     xx   ... rr     eeeee  
[ citizen-server-impl]  ccccc ff   xx  xx ... rr      eeeee 
[ citizen-server-impl]                                      
[ citizen-server-impl] Authenticated with cfx.re Nucleus: https://ksuie-gaming-674mg8.users.cfx.re/
[script:vorp_metaboli] Metabolism: Loading 5 items usables
[    script:vorp_core] ###############################################################################
[    script:vorp_core] 
[    script:vorp_core] ----- #RedM ----------------------------------------------------------------------
[    script:vorp_core]  /##    /##  /######  /#######  /#######   /######   /######  /#######  /########
[    script:vorp_core] | ##   | ## /##__  ##| ##__  ##| ##__  ## /##__  ## /##__  ##| ##__  ##| ##_____/
[    script:vorp_core] | ##   | ##| ##  | ##| ##  | ##| ##  | ##| ##  |__/| ##  | ##| ##  | ##| ##      
[    script:vorp_core] |  ## / ##/| ##  | ##| #######/| #######/| ##      | ##  | ##| #######/| #####   
[    script:vorp_core]  |  ## ##/ | ##  | ##| ##__  ##| ##____/ | ##      | ##  | ##| ##__  ##| ##__/   
[    script:vorp_core]   |  ###/  | ##  | ##| ##  | ##| ##      | ##    ##| ##  | ##| ##  | ##| ##      
[    script:vorp_core]    |  #/   |  ######/| ##  | ##| ##      |  ######/|  ######/| ##  | ##| ########
[    script:vorp_core]     |_/     |______/ |__/  |__/|__/       |______/  |______/ |__/  |__/|________/
[    script:vorp_core] ----------------------------------------------------VORPcore Framework Lua -----
[    script:vorp_core] 
[    script:vorp_core] VORPcore Version check 
[    script:vorp_core] Resources found
[    script:vorp_core] 
[    script:vorp_core] 
[    script:vorp_core] ###############################################################################
[    script:vorp_core] Resource version Check (vorp_lumberjack) ✅ Up to date - Version 1.0
[    script:vorp_core] 
[    script:vorp_core] Resource version Check (vorp_admin) ✅ Up to date - Version 2.5
[    script:vorp_core] 
[    script:vorp_core] Resource version Check (vorp_weaponsv2) ✅ Up to date - Version 2.2
[    script:vorp_core] 
[    script:vorp_core] Resource version Check (vorp_hunting) ✅ Up to date - Version 1.0.4
[    script:vorp_core] 
[    script:vorp_core] Resource version Check (vorp_character) ✅ Up to date - Version 1.7
[    script:vorp_core] 
[    script:vorp_core] Resource version Check (vorp_metabolism) ✅ Up to date - Version 1.1
[    script:vorp_core] 
[    script:vorp_core] Resource version Check (vorp_animations) ✅ Up to date - Version 1.0
[    script:vorp_core] 
[    script:vorp_core] Resource version Check (vorp_mining) ✅ Up to date - Version 1.0
[    script:vorp_core] 
[    script:vorp_core] Resource version Check (vorp_banking) ✅ Up to date - Version 1.6
[    script:vorp_core] 
[    script:vorp_core] Resource version Check (vorp_barbershop) ✅ Up to date - Version 1.0
[    script:vorp_core] 
[    script:vorp_core] Resource version Check (vorp_crafting) ✅ Up to date - Version 1.7
[    script:vorp_core] 
[    script:vorp_core] Resource version Check  (vorp_crawfish) ✅ Up to date - Version 1.0
[    script:vorp_core] 
[    script:vorp_core] Resource version Check (vorp_fishing) ✅ Up to date - Version 1.1
[    script:vorp_core] 
[    script:vorp_core] Resource version Check (vorp_police) ✅ Up to date - Version 0.3
[    script:vorp_core] 
[    script:vorp_core] Resource version Check (vorp_mailbox) ✅ Up to date - Version 1.0
[    script:vorp_core] 
[    script:vorp_core] Resource version Check (vorp_medic) ✅ Up to date - Version 0.2
[    script:vorp_core] 
[    script:vorp_core] Resource version Check (vorp_outlaws) ✅ Up to date - Version 1.0
[    script:vorp_core] 
[    script:vorp_core] Resource version Check (vorp_stables) ✅ Up to date - Version 1.1
[    script:vorp_core] 
[    script:vorp_core] Resource version Check (vorp_progressbar) ✅ Up to date - Version 1.2.0
[    script:vorp_core] 
[    script:vorp_core] Resource version Check (vorp_stores) ✅ Up to date - Version 2.1
[    script:vorp_core] 
[    script:vorp_core] Resource version Check (vorp_walkanim) ✅ Up to date - Version 1.3
[    script:vorp_core] 
[    script:vorp_core] Resource version Check (vorp_zonenotify) ✅ Up to date - Version 1.0
[    script:vorp_core] 
[    script:vorp_core] Resource version Check (vorp_core) ✅ Up to date - Version 2.8
[    script:vorp_core] 
[    script:vorp_core] Resource version Check (vorp_inputs) ✅ Up to date - Version 1.2
[    script:vorp_core] 
[    script:vorp_core] Resource version Check (vorp_inventory) ✅ Up to date - Version 3.8
[    script:vorp_core] 
[    script:vorp_core] Resource version Check (vorp_menu) ✅ Up to date - Version 1.0
[    script:vorp_core] 
[    script:vorp_core] Resource version Check (vorp_utils) ✅ Up to date - Version 1.1.1
[    script:vorp_core] 
[    script:vorp_core] 
[    script:vorp_core] VORPcore Database Auto Updater 
[    script:vorp_core] 
[    script:vorp_core] Database Auto Updater (MariaDB)✅ Database is up to date
[    script:vorp_core] ###############################################################################
[      script:hardcap] Connecting: KSUIE
[ citizen-server-impl] server thread hitch warning: timer interval of 205 milliseconds
[ citizen-server-impl] server thread hitch warning: timer interval of 705 milliseconds
[ script:vorp_stables] Loaded 2 horses of KSUIE
[             TXADMIN] txaReportResources 
[      script:monitor] [txAdmin] Sending resources list to txAdmin.
[        KSUIE_Gaming] refresh 
[           resources] Scanning resources.
[             TXADMIN] txaReportResources 
[     resources:ksuie] Warning: [ksuie] is a category, but has a resource manifest (if this is meant to be a resource, don't use [] around the name)
[           resources] Found 0 new resources, and refreshed 0/73 resources.
[           resources] 1 warning was encountered.
[      script:monitor] [txAdmin] Sending resources list to txAdmin.
[        KSUIE_Gaming] refresh 
[             TXADMIN] txaReportResources 
[           resources] Scanning resources.
[     resources:ksuie] Warning: [ksuie] is a category, but has a resource manifest (if this is meant to be a resource, don't use [] around the name)
[           resources] Found 0 new resources, and refreshed 0/73 resources.
[           resources] 1 warning was encountered.
[      script:monitor] [txAdmin] Sending resources list to txAdmin.
[             TXADMIN] txaEvent "serverShuttingDown" "{＂delay＂:5000,＂author＂:＂KSUIE_Gaming＂,＂message＂:＂Server shutting down (admin request).＂}" 
[      script:monitor] [txAdmin] Server shutdown imminent. Kicking all players.
