================================================================
======== txAdmin v7.3.2 atop fxserver 10653 Starting - 10/28/2024, 2:04:10 PM
================================================================
================================================================
======== txAdmin v7.3.2 atop fxserver 10653 Starting - 10/28/2024, 2:26:59 PM
================================================================
[2:27:23 PM] txAdmin: Logger started
================================================================
======== txAdmin v7.3.2 atop fxserver 10653 Starting - 10/28/2024, 5:44:57 PM
================================================================
[5:46:21 PM] txAdmin: Logger started
================================================================
======== txAdmin v7.3.2 atop fxserver 10653 Starting - 10/28/2024, 6:21:15 PM
================================================================
[6:21:29 PM] txAdmin: Logger started
[6:22:42 PM] txAdmin: Logger started
[6:25:19 PM] txAdmin: Logger started
[6:27:18 PM] txAdmin: Logger started
[6:28:50 PM] [jcPp6#1] KSUIE: joined with identifiers [steam:11000010af79ea6; license:422c4b13e64b838ae356efd30fceac8df786af50; live:914798305482731; discord:791049886216880138; fivem:2380218; license2:422c4b13e64b838ae356efd30fceac8df786af50]
[6:47:12 PM] [jcPp6#1] KSUIE: said "/showui"
[6:47:38 PM] [jcPp6#1] KSUIE: said "/showui"
[6:56:08 PM] [jcPp6#1] KSUIE: disconnected (Exiting)
