================================================================
======== Log Rotated - 10/29/2024, 12:00:00 AM                  
================================================================
================================================================
======== txAdmin v7.3.2 atop fxserver 10653 Starting - 10/29/2024, 5:04:36 PM
================================================================
[5:04:51 PM] txAdmin: Logger started
[5:05:48 PM] [kMiPB#1] KSUIE: joined with identifiers [steam:11000010af79ea6; license:422c4b13e64b838ae356efd30fceac8df786af50; live:914798305482731; discord:791049886216880138; fivem:2380218; license2:422c4b13e64b838ae356efd30fceac8df786af50]
[5:34:01 PM] [kMiPB#1] KSUIE: disconnected (Exiting)
================================================================
======== txAdmin v7.3.2 atop fxserver 10653 Starting - 10/29/2024, 5:50:26 PM
================================================================
[5:50:39 PM] txAdmin: Logger started
[6:01:22 PM] [B8XYR#1] KSUIE: joined with identifiers [steam:11000010af79ea6; license:422c4b13e64b838ae356efd30fceac8df786af50; live:914798305482731; discord:791049886216880138; fivem:2380218; license2:422c4b13e64b838ae356efd30fceac8df786af50]
[6:18:36 PM] [B8XYR#1] KSUIE: disconnected (Exiting)
[6:20:48 PM] [B8XYR#2] KSUIE: joined with identifiers [steam:11000010af79ea6; license:422c4b13e64b838ae356efd30fceac8df786af50; live:914798305482731; discord:791049886216880138; fivem:2380218; license2:422c4b13e64b838ae356efd30fceac8df786af50]
[6:28:35 PM] [B8XYR#2] KSUIE: disconnected (Exiting)
[7:44:51 PM] txAdmin: Logger started
[7:46:19 PM] [HVTg7#1] KSUIE: joined with identifiers [steam:11000010af79ea6; license:422c4b13e64b838ae356efd30fceac8df786af50; live:914798305482731; discord:791049886216880138; fivem:2380218; license2:422c4b13e64b838ae356efd30fceac8df786af50]
[7:49:28 PM] txAdmin: Logger started
[7:50:57 PM] [BpgBN#1] KSUIE: joined with identifiers [steam:11000010af79ea6; license:422c4b13e64b838ae356efd30fceac8df786af50; live:914798305482731; discord:791049886216880138; fivem:2380218; license2:422c4b13e64b838ae356efd30fceac8df786af50]
[7:52:57 PM] [BpgBN#1] KSUIE: disconnected (Exiting)
